0 info it worked if it ends with ok
1 verbose cli [ '/usr/share/atom/resources/app/apm/bin/node',
1 verbose cli   '/usr/share/atom/resources/app/apm/node_modules/npm/bin/npm-cli.js',
1 verbose cli   'version',
1 verbose cli   'minor',
1 verbose cli   '-m',
1 verbose cli   'Prepare %s release' ]
2 info using npm@3.10.5
3 info using node@v4.4.5
4 info git [ 'status', '--porcelain' ]
5 info lifecycle ats-atom@0.1.0~preversion: ats-atom@0.1.0
6 silly lifecycle ats-atom@0.1.0~preversion: no script for preversion, continuing
7 verbose version.write data { name: 'ats-atom',
7 verbose version.write   version: '0.1.0',
7 verbose version.write   description: 'Mylanguage language support in Atom',
7 verbose version.write   engines: { atom: '*' },
7 verbose version.write   dependencies: {},
7 verbose version.write   repository: { type: 'git', url: 'https://github.com/R1issa/ats-atom.git' },
7 verbose version.write   bugs: { url: 'https://github.com/R1issa/ats-atom/issues' },
7 verbose version.write   license: 'MIT' } to package.json
8 info lifecycle ats-atom@0.1.0~version: ats-atom@0.1.0
9 silly lifecycle ats-atom@0.1.0~version: no script for version, continuing
10 info git [ 'add',
10 info git   '/home/Wittgenstein/Documents/ProgL/ats-highlighting/ats.tmbundle/ats-atom/package.json' ]
11 info git [ 'commit', '-m', 'Prepare 0.1.0 release' ]
12 info git [ 'tag', 'v0.1.0', '-am', 'Prepare 0.1.0 release' ]
13 verbose stack Error: Command failed: git tag v0.1.0 -am Prepare 0.1.0 release
13 verbose stack fatal: tag 'v0.1.0' already exists
13 verbose stack
13 verbose stack     at ChildProcess.exithandler (child_process.js:213:12)
13 verbose stack     at emitTwo (events.js:87:13)
13 verbose stack     at ChildProcess.emit (events.js:172:7)
13 verbose stack     at maybeClose (internal/child_process.js:827:16)
13 verbose stack     at Socket.<anonymous> (internal/child_process.js:319:11)
13 verbose stack     at emitOne (events.js:77:13)
13 verbose stack     at Socket.emit (events.js:169:7)
13 verbose stack     at Pipe._onclose (net.js:477:12)
14 verbose cwd /home/Wittgenstein/Documents/ProgL/ats-highlighting/ats.tmbundle/ats-atom
15 error Linux 4.8.8-300.fc25.x86_64
16 error argv "/usr/share/atom/resources/app/apm/bin/node" "/usr/share/atom/resources/app/apm/node_modules/npm/bin/npm-cli.js" "version" "minor" "-m" "Prepare %s release"
17 error node v4.4.5
18 error npm  v3.10.5
19 error code 128
20 error Command failed: git tag v0.1.0 -am Prepare 0.1.0 release
20 error fatal: tag 'v0.1.0' already exists
21 error If you need help, you may report this error at:
21 error     <https://github.com/npm/npm/issues>
22 verbose exit [ 1, true ]
